<?xml version="1.0" encoding="UTF-8"?>
<!-- Generated by org.testng.reporters.JUnitXMLReporter -->
<testsuite ignored="0" hostname="DESKTOP-3B7KTDM" failures="0" tests="2" name="Default test" time="36.178" errors="0" timestamp="2022-07-14T19:27:22 IST">
  <testcase classname="com.hyr.invocationCount.InvocationCountWithInvocationTimeOut" name="TestMethod1" time="35.602"/>
  <testcase classname="com.hyr.invocationCount.InvocationCountWithInvocationTimeOut" name="TestMethod1" time="35.794"/>
</testsuite> <!-- Default test -->
