<?xml version="1.0" encoding="UTF-8"?>
<!-- Generated by org.testng.reporters.JUnitXMLReporter -->
<testsuite ignored="0" hostname="DESKTOP-3B7KTDM" failures="0" tests="3" name="Default test" time="116.471" errors="0" timestamp="2022-07-09T19:17:26 IST">
  <testcase classname="com.hyr.Dataproviderprograms.OrangeHRMDataProvider" name="LoginTest" time="55.915"/>
  <testcase classname="com.hyr.Dataproviderprograms.OrangeHRMDataProvider" name="LoginTest" time="30.82"/>
  <testcase classname="com.hyr.Dataproviderprograms.OrangeHRMDataProvider" name="LoginTest" time="29.406"/>
</testsuite> <!-- Default test -->
