<?xml version="1.0" encoding="UTF-8"?>
<!-- Generated by org.testng.reporters.JUnitXMLReporter -->
<testsuite ignored="1" hostname="DESKTOP-3B7KTDM" failures="0" tests="2" name="Test2" time="0.034" errors="0" timestamp="2022-07-08T18:24:24 IST">
  <testcase classname="com.hyr.GroupTest.NewTest1" name="test6" time="0.006"/>
  <testcase classname="com.hyr.GroupTest.NewTest1" name="test7" time="0.003"/>
  <testcase classname="com.hyr.GroupTest.NewTest1" name="test5" time="0.0">
    <ignored/>
  </testcase> <!-- test5 -->
</testsuite> <!-- Test2 -->
