<?xml version="1.0" encoding="UTF-8"?>
<!-- Generated by org.testng.reporters.JUnitXMLReporter -->
<testsuite ignored="1" hostname="DESKTOP-3B7KTDM" failures="0" tests="5" name="Test" time="0.402" errors="0" timestamp="2022-07-08T18:07:38 IST">
  <testcase classname="com.hyr.GroupTest.NewTest1" name="test5" time="0.05"/>
  <testcase classname="com.hyr.GroupTest.NewTest1" name="test6" time="0.007"/>
  <testcase classname="com.hyr.GroupTest.NewTest1" name="test7" time="0.03"/>
  <testcase classname="com.hyr.GroupTest.NewTest" name="test1" time="0.011"/>
  <testcase classname="com.hyr.GroupTest.NewTest" name="test3" time="0.009"/>
  <testcase classname="com.hyr.GroupTest.NewTest" name="test2" time="0.0">
    <ignored/>
  </testcase> <!-- test2 -->
</testsuite> <!-- Test -->
