<?xml version="1.0" encoding="UTF-8"?>
<!-- Generated by org.testng.reporters.JUnitXMLReporter -->
<testsuite ignored="0" hostname="DESKTOP-3B7KTDM" failures="0" tests="3" name="Test1" time="0.343" errors="0" timestamp="2022-07-14T19:39:30 IST">
  <testcase classname="com.hyr.ParallelTesting.DemoTest2" name="testmethod5" time="0.183"/>
  <testcase classname="com.hyr.ParallelTesting.DemoTest2" name="testmethod6" time="0.01"/>
  <testcase classname="com.hyr.ParallelTesting.DemoTest2" name="testmethod7" time="0.011"/>
</testsuite> <!-- Test1 -->
