<?xml version="1.0" encoding="UTF-8"?>
<!-- Generated by org.testng.reporters.JUnitXMLReporter -->
<testsuite ignored="1" hostname="DESKTOP-3B7KTDM" failures="0" tests="2" name="Test1" time="0.294" errors="0" timestamp="2022-07-08T18:24:23 IST">
  <testcase classname="com.hyr.GroupTest.NewTest" name="test1" time="0.055"/>
  <testcase classname="com.hyr.GroupTest.NewTest" name="test3" time="0.008"/>
  <testcase classname="com.hyr.GroupTest.NewTest" name="test2" time="0.0">
    <ignored/>
  </testcase> <!-- test2 -->
</testsuite> <!-- Test1 -->
