<?xml version="1.0" encoding="UTF-8"?>
<!-- Generated by org.testng.reporters.JUnitXMLReporter -->
<testsuite ignored="0" hostname="DESKTOP-3B7KTDM" failures="0" tests="3" name="Test3" time="0.138" errors="0" timestamp="2022-07-14T19:39:32 IST">
  <testcase classname="com.hyr.ParallelTesting.DemoTest4" name="testmethod10" time="0.017"/>
  <testcase classname="com.hyr.ParallelTesting.DemoTest4" name="testmethod11" time="0.011"/>
  <testcase classname="com.hyr.ParallelTesting.DemoTest4" name="testmethod12" time="0.005"/>
</testsuite> <!-- Test3 -->
