<?xml version="1.0" encoding="UTF-8"?>
<!-- Generated by org.testng.reporters.JUnitXMLReporter -->
<testsuite ignored="0" hostname="DESKTOP-3B7KTDM" failures="1" tests="1" name="Test" time="0.551" errors="0" timestamp="2022-07-02T11:00:50 IST">
  <testcase classname="MavenTestNg.MavenDataproviderExcel.BasicTest" name="TestLogin" time="0.0">
    <failure type="org.testng.TestNGException" message="
Method public void MavenTestNg.MavenDataproviderExcel.BasicTest.TestLogin(java.lang.String,java.lang.String) throws java.lang.Exception requires a @DataProvider named : logindata in class MavenTestNg.MavenDataproviderExcel.ExcelDataSupllier">
      <![CDATA[org.testng.TestNGException: 
Method public void MavenTestNg.MavenDataproviderExcel.BasicTest.TestLogin(java.lang.String,java.lang.String) throws java.lang.Exception requires a @DataProvider named : logindata in class MavenTestNg.MavenDataproviderExcel.ExcelDataSupllier
at java.base/java.util.ArrayList.forEach(ArrayList.java:1511)
... Removed 24 stack frames]]>
    </failure>
  </testcase> <!-- TestLogin -->
</testsuite> <!-- Test -->
