<?xml version="1.0" encoding="UTF-8"?>
<!-- Generated by org.testng.reporters.JUnitXMLReporter -->
<testsuite ignored="0" hostname="DESKTOP-3B7KTDM" failures="0" tests="3" name="Default test" time="59.887" errors="0" timestamp="2022-07-02T15:29:19 IST">
  <testcase classname="com.google.OrangeHRM" name="LaunchBrowser" time="43.311"/>
  <testcase classname="com.google.OrangeHRM" name="Login" time="12.409"/>
  <testcase classname="com.google.OrangeHRM" name="navigateToMyinfo" time="3.565"/>
</testsuite> <!-- Default test -->
