<?xml version="1.0" encoding="UTF-8"?>
<!-- Generated by org.testng.reporters.JUnitXMLReporter -->
<testsuite ignored="1" hostname="DESKTOP-3B7KTDM" failures="0" tests="3" name="Test" time="73.21" errors="0" timestamp="2022-07-02T15:48:17 IST">
  <testcase classname="com.google.OrangeHRM" name="LaunchBrowser" time="56.867"/>
  <testcase classname="com.google.OrangeHRM" name="Login" time="10.025"/>
  <testcase classname="com.google.OrangeHRM" name="verifyLogin" time="5.914"/>
  <testcase classname="com.google.OrangeHRM" name="navigateToMyinfo" time="0.0">
    <ignored/>
  </testcase> <!-- navigateToMyinfo -->
</testsuite> <!-- Test -->
