<?xml version="1.0" encoding="UTF-8"?>
<!-- Generated by org.testng.reporters.JUnitXMLReporter -->
<testsuite ignored="1" hostname="DESKTOP-3B7KTDM" failures="0" tests="3" name="TestLogin" time="49.902" errors="0" timestamp="2022-07-02T15:49:07 IST">
  <testcase classname="com.google.OrangeHRM" name="LaunchBrowser" time="34.673"/>
  <testcase classname="com.google.OrangeHRM" name="Login" time="12.435"/>
  <testcase classname="com.google.OrangeHRM" name="navigateToMyinfo" time="2.758"/>
  <testcase classname="com.google.OrangeHRM" name="verifyLogin" time="0.0">
    <ignored/>
  </testcase> <!-- verifyLogin -->
</testsuite> <!-- TestLogin -->
