<?xml version="1.0" encoding="UTF-8"?>
<!-- Generated by org.testng.reporters.JUnitXMLReporter -->
<testsuite ignored="0" hostname="DESKTOP-3B7KTDM" failures="0" tests="6" name="Test" time="40.557" errors="0" timestamp="2022-07-08T06:05:18 IST">
  <testcase classname="com.hyr.Tests.OrangeHRM" name="IntialiseBrowser" time="10.927"/>
  <testcase classname="com.hyr.Tests.OrangeHRM" name="LaunchUrl" time="10.154"/>
  <testcase classname="com.hyr.Tests.OrangeHRM" name="EnterCredintials" time="11.436"/>
  <testcase classname="com.hyr.Tests.OrangeHRM" name="ValidateLogin" time="0.152"/>
  <testcase classname="com.hyr.Tests.OrangeHRM" name="NavigateToAdmin" time="6.608"/>
  <testcase classname="com.hyr.Tests.OrangeHRM" name="Teardown" time="0.966"/>
</testsuite> <!-- Test -->
