<?xml version="1.0" encoding="UTF-8"?>
<testng-results ignored="0" total="1" passed="0" failed="1" skipped="0">
  <reporter-output>
  </reporter-output>
  <suite started-at="2022-07-02T11:05:05 IST" name="Default suite" finished-at="2022-07-02T11:05:06 IST" duration-ms="1124">
    <groups>
    </groups>
    <test started-at="2022-07-02T11:05:05 IST" name="Default test" finished-at="2022-07-02T11:05:06 IST" duration-ms="1124">
      <class name="MavenTestNg.MavenDataproviderExcel.BasicTest">
        <test-method signature="TestLogin(java.lang.String,java.lang.String)[pri:0, instance:MavenTestNg.MavenDataproviderExcel.BasicTest@7133da86]" started-at="2022-07-02T11:05:06 IST" name="TestLogin" finished-at="2022-07-02T11:05:06 IST" duration-ms="0" status="FAIL">
          <exception class="org.testng.TestNGException">
            <message>
              <![CDATA[
Method public void MavenTestNg.MavenDataproviderExcel.BasicTest.TestLogin(java.lang.String,java.lang.String) throws java.lang.Exception requires a @DataProvider named : logindata in class MavenTestNg.MavenDataproviderExcel.ExcelDataSupllier]]>
            </message>
            <full-stacktrace>
              <![CDATA[org.testng.TestNGException: 
Method public void MavenTestNg.MavenDataproviderExcel.BasicTest.TestLogin(java.lang.String,java.lang.String) throws java.lang.Exception requires a @DataProvider named : logindata in class MavenTestNg.MavenDataproviderExcel.ExcelDataSupllier
at org.testng.internal.Parameters.findDataProvider(Parameters.java:526)
at org.testng.internal.Parameters.handleParameters(Parameters.java:763)
at org.testng.internal.Parameters.handleParameters(Parameters.java:728)
at org.testng.internal.invokers.ParameterHandler.handleParameters(ParameterHandler.java:72)
at org.testng.internal.invokers.ParameterHandler.createParameters(ParameterHandler.java:51)
at org.testng.internal.invokers.TestInvoker$MethodInvocationAgent.invoke(TestInvoker.java:917)
at org.testng.internal.invokers.TestInvoker.invokeTestMethods(TestInvoker.java:194)
at org.testng.internal.invokers.TestMethodWorker.invokeTestMethods(TestMethodWorker.java:148)
at org.testng.internal.invokers.TestMethodWorker.run(TestMethodWorker.java:128)
at java.base/java.util.ArrayList.forEach(ArrayList.java:1511)
at org.testng.TestRunner.privateRun(TestRunner.java:806)
at org.testng.TestRunner.run(TestRunner.java:601)
at org.testng.SuiteRunner.runTest(SuiteRunner.java:433)
at org.testng.SuiteRunner.runSequentially(SuiteRunner.java:427)
at org.testng.SuiteRunner.privateRun(SuiteRunner.java:387)
at org.testng.SuiteRunner.run(SuiteRunner.java:330)
at org.testng.SuiteRunnerWorker.runSuite(SuiteRunnerWorker.java:52)
at org.testng.SuiteRunnerWorker.run(SuiteRunnerWorker.java:95)
at org.testng.TestNG.runSuitesSequentially(TestNG.java:1256)
at org.testng.TestNG.runSuitesLocally(TestNG.java:1176)
at org.testng.TestNG.runSuites(TestNG.java:1099)
at org.testng.TestNG.run(TestNG.java:1067)
at org.testng.remote.AbstractRemoteTestNG.run(AbstractRemoteTestNG.java:115)
at org.testng.remote.RemoteTestNG.initAndRun(RemoteTestNG.java:251)
at org.testng.remote.RemoteTestNG.main(RemoteTestNG.java:77)
]]>
            </full-stacktrace>
          </exception> <!-- org.testng.TestNGException -->
          <reporter-output>
          </reporter-output>
        </test-method> <!-- TestLogin -->
      </class> <!-- MavenTestNg.MavenDataproviderExcel.BasicTest -->
    </test> <!-- Default test -->
  </suite> <!-- Default suite -->
</testng-results>
